<?xml version='1.0' encoding='UTF-8'?>
<testsuite hostname="DESKTOP-E2JVOS6" name="datapath.toptest" tests="1" errors="0" failures="1" skipped="0" time="3.095" timestamp="2022-10-28T17:58:14">
          <properties>
      <property name="java.specification.version" value="17"/><property name="sun.cpu.isalist" value="amd64"/><property name="sun.jnu.encoding" value="Cp1252"/><property name="sun.arch.data.model" value="64"/><property name="java.vendor.url" value="https://java.oracle.com/"/><property name="sun.boot.library.path" value="C:\Program Files\Java\jdk-17.0.5\bin"/><property name="sun.java.command" value="xsbt.boot.Boot"/><property name="jdk.debug" value="release"/><property name="sun.stderr.encoding" value="cp437"/><property name="java.specification.vendor" value="Oracle Corporation"/><property name="java.version.date" value="2022-10-18"/><property name="java.home" value="C:\Program Files\Java\jdk-17.0.5"/><property name="file.separator" value="\"/><property name="java.vm.compressedOopsMode" value="32-bit"/><property name="line.separator" value="
"/><property name="sun.stdout.encoding" value="cp437"/><property name="java.vm.specification.vendor" value="Oracle Corporation"/><property name="java.specification.name" value="Java Platform API Specification"/><property name="user.script" value=""/><property name="sun.management.compiler" value="HotSpot 64-Bit Tiered Compilers"/><property name="java.runtime.version" value="17.0.5+9-LTS-191"/><property name="user.name" value="MMC"/><property name="log4j.ignoreTCL" value="true"/><property name="file.encoding" value="UTF-8"/><property name="jnidispatch.path" value="C:\Users\MMC\AppData\Local\Temp\jna-76451\jna17039442782061995266.dll"/><property name="jna.loaded" value="true"/><property name="java.io.tmpdir" value="C:\Users\MMC\AppData\Local\Temp\"/><property name="java.version" value="17.0.5"/><property name="java.vm.specification.name" value="Java Virtual Machine Specification"/><property name="sun.os.patch.level" value=""/><property name="native.encoding" value="Cp1252"/><property name="java.library.path" value="C:\Program Files\Java\jdk-17.0.5\bin;C:\WINDOWS\Sun\Java\bin;C:\WINDOWS\system32;C:\WINDOWS;C:\Program Files\Common Files\Oracle\Java\javapath;C:\Program Files (x86)\Common Files\Oracle\Java\javapath;C:\WINDOWS\system32;C:\WINDOWS;C:\WINDOWS\System32\Wbem;C:\WINDOWS\System32\WindowsPowerShell\v1.0\;C:\WINDOWS\System32\OpenSSH\;C:\Program Files\GitHub CLI\;D:\software\git\Git\cmd;C:\Users\MMC\AppData\Local\Programs\Python\Python39\Scripts\;C:\Program Files (x86)\sbt\bin;C:\Program Files\nodejs\;C:\Program Files\Git LFS;C:\Users\MMC\AppData\Local\Programs\Python\Python39\Scripts\;C:\Users\MMC\AppData\Local\Programs\Python\Python39\;C:\Program Files (x86)\Common Files\Oracle\Java\javapath;C:\WINDOWS\system32;C:\WINDOWS;C:\WINDOWS\System32\Wbem;C:\WINDOWS\System32\WindowsPowerShell\v1.0\;C:\WINDOWS\System32\OpenSSH\;C:\Program Files\GitHub CLI\;D:\software\git\Git\cmd;C:\Users\MMC\AppData\Local\Microsoft\WindowsApps;C:\Program Files\JetBrains\PyCharm Community Edition 2021.2.3\bin;C:\Users\MMC\AppData\Local\GitHubDesktop\bin;C:\Users\MMC\AppData\Local\Programs\Python\Python39\Scripts;D:\software\Microsoft VS Code\bin;C:\Users\MMC\AppData\Roaming\Microsoft\Windows\Start Menu\Programs\Python 3.9;C:\Users\MMC\AppData\Roaming\npm;C:\Program Files\heroku\bin;D:\software\GitHubDesktop\bin;."/><property name="java.vendor" value="Oracle Corporation"/><property name="scala.ext.dirs" value="C:\Users\MMC\.sbt\1.0\java9-rt-ext-oracle_corporation_17_0_5"/><property name="sun.io.unicode.encoding" value="UnicodeLittle"/><property name="java.class.path" value="C:\Program Files (x86)\sbt\\bin\sbt-launch.jar"/><property name="java.vm.vendor" value="Oracle Corporation"/><property name="user.variant" value=""/><property name="jline.shutdownhook" value="false"/><property name="user.timezone" value="Asia/Karachi"/><property name="java.vm.specification.version" value="17"/><property name="os.name" value="Windows 10"/><property name="sun.java.launcher" value="SUN_STANDARD"/><property name="user.country" value="US"/><property name="sun.cpu.endian" value="little"/><property name="user.home" value="C:\Users\MMC"/><property name="user.language" value="en"/><property name="sbt.ipcsocket.tmpdir" value="C:\Users\MMC\AppData\Local\Temp\.sbt\ipcsocket"/><property name="swoval.tmpdir" value="C:\Users\MMC\AppData\Local\Temp\.sbt\swoval"/><property name="jline.esc.timeout" value="0"/><property name="path.separator" value=";"/><property name="os.version" value="10.0"/><property name="jna.nosys" value="true"/><property name="java.runtime.name" value="Java(TM) SE Runtime Environment"/><property name="java.vm.name" value="Java HotSpot(TM) 64-Bit Server VM"/><property name="java.vendor.url.bug" value="https://bugreport.java.com/bugreport/"/><property name="user.dir" value="D:\5_stage_pipline"/><property name="os.arch" value="amd64"/><property name="java.vm.info" value="mixed mode, sharing"/><property name="java.vm.version" value="17.0.5+9-LTS-191"/><property name="java.class.version" value="61.0"/>
    </properties>
          <testcase classname="datapath.toptest" name="top  Test" time="3.095">
                      <failure message="
firrtl.passes.CheckInitialization$RefNotInitializedException:  @[top.scala 30:22] : [module Top]  Reference Mem_wb is not fully initialized.
   : Mem_wb.io.rs2Sel_in &lt;= VOID
firrtl.passes.CheckInitialization$RefNotInitializedException:  @[top.scala 30:22] : [module Top]  Reference Mem_wb is not fully initialized.
   : Mem_wb.io.memToReg_in &lt;= VOID
firrtl.passes.CheckInitialization$RefNotInitializedException:  @[top.scala 30:22] : [module Top]  Reference Mem_wb is not fully initialized.
   : Mem_wb.io.dataOut_in &lt;= VOID
firrtl.passes.CheckInitialization$RefNotInitializedException:  @[top.scala 29:19] : [module Top]  Reference EX is not fully initialized.
   : EX.io.rs2Sel_in &lt;= VOID
firrtl.passes.CheckInitialization$RefNotInitializedException:  @[top.scala 24:24] : [module Top]  Reference alu_cnt is not fully initialized.
   : alu_cnt.io.alu_op &lt;= VOID
firrtl.passes.CheckInitialization$RefNotInitializedException:  @[top.scala 21:24] : [module Top]  Reference branch is not fully initialized.
   : branch.io.arg_y &lt;= VOID
firrtl.passes.CheckInitialization$RefNotInitializedException:  @[top.scala 16:24] : [module Top]  Reference data_mem is not fully initialized.
   : data_mem.io.Addr &lt;= VOID
firrtl.passes.CheckInitialization$RefNotInitializedException:  @[top.scala 28:19] : [module Top]  Reference ID is not fully initialized.
   : ID.io.strData_in &lt;= VOID
firrtl.passes.CheckInitialization$RefNotInitializedException:  @[top.scala 20:20] : [module Top]  Reference alu is not fully initialized.
   : alu.io.in2 &lt;= VOID
firrtl.passes.CheckInitialization$RefNotInitializedException:  @[top.scala 23:22] : [module Top]  Reference Jalr is not fully initialized.
   : Jalr.io.addr &lt;= VOID
firrtl.passes.CheckInitialization$RefNotInitializedException:  @[top.scala 28:19] : [module Top]  Reference ID is not fully initialized.
   : ID.io.operandBsel_in &lt;= VOID
firrtl.passes.CheckInitialization$RefNotInitializedException:  @[top.scala 29:19] : [module Top]  Reference EX is not fully initialized.
   : EX.io.aluOutput_in &lt;= VOID
firrtl.passes.CheckInitialization$RefNotInitializedException:  : [module Top]  Reference io is not fully initialized.
   : io.addr &lt;= VOID
firrtl.passes.CheckInitialization$RefNotInitializedException:  @[top.scala 18:24] : [module Top]  Reference reg_file is not fully initialized.
   : reg_file.io.write &lt;= VOID
firrtl.passes.CheckInitialization$RefNotInitializedException:  @[top.scala 28:19] : [module Top]  Reference ID is not fully initialized.
   : ID.io.hazard_in &lt;= VOID
firrtl.passes.CheckInitialization$RefNotInitializedException:  @[top.scala 29:19] : [module Top]  Reference EX is not fully initialized.
   : EX.io.baseReg_in &lt;= VOID
firrtl.passes.CheckInitialization$RefNotInitializedException:  @[top.scala 29:19] : [module Top]  Reference EX is not fully initialized.
   : EX.io.memRead_in &lt;= VOID
firrtl.passes.CheckInitialization$RefNotInitializedException:  @[top.scala 21:24] : [module Top]  Reference branch is not fully initialized.
   : branch.io.alu_opp &lt;= VOID
firrtl.passes.CheckInitialization$RefNotInitializedException:  @[top.scala 23:22] : [module Top]  Reference Jalr is not fully initialized.
   : Jalr.io.pc_addr &lt;= VOID
firrtl.passes.CheckInitialization$RefNotInitializedException:  @[top.scala 30:22] : [module Top]  Reference Mem_wb is not fully initialized.
   : Mem_wb.io.aluOutput_in &lt;= VOID
firrtl.passes.CheckInitialization$RefNotInitializedException:  @[top.scala 30:22] : [module Top]  Reference Mem_wb is not fully initialized.
   : Mem_wb.io.MemRead_in &lt;= VOID
firrtl.passes.CheckInitialization$RefNotInitializedException:  @[top.scala 29:19] : [module Top]  Reference EX is not fully initialized.
   : EX.io.memWrite_in &lt;= VOID
firrtl.passes.CheckInitialization$RefNotInitializedException:  @[top.scala 29:19] : [module Top]  Reference EX is not fully initialized.
   : EX.io.rd_in &lt;= VOID
firrtl.passes.CheckInitialization$RefNotInitializedException:  @[top.scala 16:24] : [module Top]  Reference data_mem is not fully initialized.
   : data_mem.io.MemRead &lt;= VOID
firrtl.passes.CheckInitialization$RefNotInitializedException:  @[top.scala 16:24] : [module Top]  Reference data_mem is not fully initialized.
   : data_mem.io.Data &lt;= VOID
firrtl.passes.CheckInitialization$RefNotInitializedException:  @[top.scala 18:24] : [module Top]  Reference reg_file is not fully initialized.
   : reg_file.io.rd &lt;= VOID
firrtl.passes.CheckInitialization$RefNotInitializedException:  @[top.scala 21:24] : [module Top]  Reference branch is not fully initialized.
   : branch.io.arg_x &lt;= VOID
firrtl.passes.CheckInitialization$RefNotInitializedException:  @[top.scala 30:22] : [module Top]  Reference Mem_wb is not fully initialized.
   : Mem_wb.io.baseReg_in &lt;= VOID
firrtl.passes.CheckInitialization$RefNotInitializedException:  @[top.scala 29:19] : [module Top]  Reference EX is not fully initialized.
   : EX.io.regWrite_in &lt;= VOID
firrtl.passes.CheckInitialization$RefNotInitializedException:  @[top.scala 28:19] : [module Top]  Reference ID is not fully initialized.
   : ID.io.operandAsel_in &lt;= VOID
firrtl.passes.CheckInitialization$RefNotInitializedException:  @[top.scala 30:22] : [module Top]  Reference Mem_wb is not fully initialized.
   : Mem_wb.io.memWrite_in &lt;= VOID
firrtl.passes.CheckInitialization$RefNotInitializedException:  @[top.scala 20:20] : [module Top]  Reference alu is not fully initialized.
   : alu.io.in1 &lt;= VOID
firrtl.passes.CheckInitialization$RefNotInitializedException:  @[top.scala 30:22] : [module Top]  Reference Mem_wb is not fully initialized.
   : Mem_wb.io.regWrite_in &lt;= VOID
firrtl.passes.CheckInitialization$RefNotInitializedException:  @[top.scala 16:24] : [module Top]  Reference data_mem is not fully initialized.
   : data_mem.io.MemWrite &lt;= VOID
firrtl.passes.CheckInitialization$RefNotInitializedException:  @[top.scala 29:19] : [module Top]  Reference EX is not fully initialized.
   : EX.io.strData_in &lt;= VOID
firrtl.passes.CheckInitialization$RefNotInitializedException:  @[top.scala 28:19] : [module Top]  Reference ID is not fully initialized.
   : ID.io.memToReg_in &lt;= VOID
firrtl.passes.CheckInitialization$RefNotInitializedException:  @[top.scala 29:19] : [module Top]  Reference EX is not fully initialized.
   : EX.io.offSet_in &lt;= VOID
firrtl.passes.CheckInitialization$RefNotInitializedException:  @[top.scala 30:22] : [module Top]  Reference Mem_wb is not fully initialized.
   : Mem_wb.io.offSet_in &lt;= VOID
firrtl.passes.CheckInitialization$RefNotInitializedException:  @[top.scala 30:22] : [module Top]  Reference Mem_wb is not fully initialized.
   : Mem_wb.io.rd_in &lt;= VOID
firrtl.passes.CheckInitialization$RefNotInitializedException:  @[top.scala 29:19] : [module Top]  Reference EX is not fully initialized.
   : EX.io.memToReg_in &lt;= VOID
firrtl.passes.CheckInitialization$RefNotInitializedException:  @[top.scala 20:20] : [module Top]  Reference alu is not fully initialized.
   : alu.io.alu_Op &lt;= VOID
firrtl.passes.CheckInitialization$RefNotInitializedException:  @[top.scala 28:19] : [module Top]  Reference ID is not fully initialized.
   : ID.io.aluCtrl_in &lt;= VOID
firrtl.passes.PassException: 42 errors detected!" type="firrtl.passes.PassExceptions">firrtl.passes.PassExceptions: 
firrtl.passes.CheckInitialization$RefNotInitializedException:  @[top.scala 30:22] : [module Top]  Reference Mem_wb is not fully initialized.
   : Mem_wb.io.rs2Sel_in &lt;= VOID
firrtl.passes.CheckInitialization$RefNotInitializedException:  @[top.scala 30:22] : [module Top]  Reference Mem_wb is not fully initialized.
   : Mem_wb.io.memToReg_in &lt;= VOID
firrtl.passes.CheckInitialization$RefNotInitializedException:  @[top.scala 30:22] : [module Top]  Reference Mem_wb is not fully initialized.
   : Mem_wb.io.dataOut_in &lt;= VOID
firrtl.passes.CheckInitialization$RefNotInitializedException:  @[top.scala 29:19] : [module Top]  Reference EX is not fully initialized.
   : EX.io.rs2Sel_in &lt;= VOID
firrtl.passes.CheckInitialization$RefNotInitializedException:  @[top.scala 24:24] : [module Top]  Reference alu_cnt is not fully initialized.
   : alu_cnt.io.alu_op &lt;= VOID
firrtl.passes.CheckInitialization$RefNotInitializedException:  @[top.scala 21:24] : [module Top]  Reference branch is not fully initialized.
   : branch.io.arg_y &lt;= VOID
firrtl.passes.CheckInitialization$RefNotInitializedException:  @[top.scala 16:24] : [module Top]  Reference data_mem is not fully initialized.
   : data_mem.io.Addr &lt;= VOID
firrtl.passes.CheckInitialization$RefNotInitializedException:  @[top.scala 28:19] : [module Top]  Reference ID is not fully initialized.
   : ID.io.strData_in &lt;= VOID
firrtl.passes.CheckInitialization$RefNotInitializedException:  @[top.scala 20:20] : [module Top]  Reference alu is not fully initialized.
   : alu.io.in2 &lt;= VOID
firrtl.passes.CheckInitialization$RefNotInitializedException:  @[top.scala 23:22] : [module Top]  Reference Jalr is not fully initialized.
   : Jalr.io.addr &lt;= VOID
firrtl.passes.CheckInitialization$RefNotInitializedException:  @[top.scala 28:19] : [module Top]  Reference ID is not fully initialized.
   : ID.io.operandBsel_in &lt;= VOID
firrtl.passes.CheckInitialization$RefNotInitializedException:  @[top.scala 29:19] : [module Top]  Reference EX is not fully initialized.
   : EX.io.aluOutput_in &lt;= VOID
firrtl.passes.CheckInitialization$RefNotInitializedException:  : [module Top]  Reference io is not fully initialized.
   : io.addr &lt;= VOID
firrtl.passes.CheckInitialization$RefNotInitializedException:  @[top.scala 18:24] : [module Top]  Reference reg_file is not fully initialized.
   : reg_file.io.write &lt;= VOID
firrtl.passes.CheckInitialization$RefNotInitializedException:  @[top.scala 28:19] : [module Top]  Reference ID is not fully initialized.
   : ID.io.hazard_in &lt;= VOID
firrtl.passes.CheckInitialization$RefNotInitializedException:  @[top.scala 29:19] : [module Top]  Reference EX is not fully initialized.
   : EX.io.baseReg_in &lt;= VOID
firrtl.passes.CheckInitialization$RefNotInitializedException:  @[top.scala 29:19] : [module Top]  Reference EX is not fully initialized.
   : EX.io.memRead_in &lt;= VOID
firrtl.passes.CheckInitialization$RefNotInitializedException:  @[top.scala 21:24] : [module Top]  Reference branch is not fully initialized.
   : branch.io.alu_opp &lt;= VOID
firrtl.passes.CheckInitialization$RefNotInitializedException:  @[top.scala 23:22] : [module Top]  Reference Jalr is not fully initialized.
   : Jalr.io.pc_addr &lt;= VOID
firrtl.passes.CheckInitialization$RefNotInitializedException:  @[top.scala 30:22] : [module Top]  Reference Mem_wb is not fully initialized.
   : Mem_wb.io.aluOutput_in &lt;= VOID
firrtl.passes.CheckInitialization$RefNotInitializedException:  @[top.scala 30:22] : [module Top]  Reference Mem_wb is not fully initialized.
   : Mem_wb.io.MemRead_in &lt;= VOID
firrtl.passes.CheckInitialization$RefNotInitializedException:  @[top.scala 29:19] : [module Top]  Reference EX is not fully initialized.
   : EX.io.memWrite_in &lt;= VOID
firrtl.passes.CheckInitialization$RefNotInitializedException:  @[top.scala 29:19] : [module Top]  Reference EX is not fully initialized.
   : EX.io.rd_in &lt;= VOID
firrtl.passes.CheckInitialization$RefNotInitializedException:  @[top.scala 16:24] : [module Top]  Reference data_mem is not fully initialized.
   : data_mem.io.MemRead &lt;= VOID
firrtl.passes.CheckInitialization$RefNotInitializedException:  @[top.scala 16:24] : [module Top]  Reference data_mem is not fully initialized.
   : data_mem.io.Data &lt;= VOID
firrtl.passes.CheckInitialization$RefNotInitializedException:  @[top.scala 18:24] : [module Top]  Reference reg_file is not fully initialized.
   : reg_file.io.rd &lt;= VOID
firrtl.passes.CheckInitialization$RefNotInitializedException:  @[top.scala 21:24] : [module Top]  Reference branch is not fully initialized.
   : branch.io.arg_x &lt;= VOID
firrtl.passes.CheckInitialization$RefNotInitializedException:  @[top.scala 30:22] : [module Top]  Reference Mem_wb is not fully initialized.
   : Mem_wb.io.baseReg_in &lt;= VOID
firrtl.passes.CheckInitialization$RefNotInitializedException:  @[top.scala 29:19] : [module Top]  Reference EX is not fully initialized.
   : EX.io.regWrite_in &lt;= VOID
firrtl.passes.CheckInitialization$RefNotInitializedException:  @[top.scala 28:19] : [module Top]  Reference ID is not fully initialized.
   : ID.io.operandAsel_in &lt;= VOID
firrtl.passes.CheckInitialization$RefNotInitializedException:  @[top.scala 30:22] : [module Top]  Reference Mem_wb is not fully initialized.
   : Mem_wb.io.memWrite_in &lt;= VOID
firrtl.passes.CheckInitialization$RefNotInitializedException:  @[top.scala 20:20] : [module Top]  Reference alu is not fully initialized.
   : alu.io.in1 &lt;= VOID
firrtl.passes.CheckInitialization$RefNotInitializedException:  @[top.scala 30:22] : [module Top]  Reference Mem_wb is not fully initialized.
   : Mem_wb.io.regWrite_in &lt;= VOID
firrtl.passes.CheckInitialization$RefNotInitializedException:  @[top.scala 16:24] : [module Top]  Reference data_mem is not fully initialized.
   : data_mem.io.MemWrite &lt;= VOID
firrtl.passes.CheckInitialization$RefNotInitializedException:  @[top.scala 29:19] : [module Top]  Reference EX is not fully initialized.
   : EX.io.strData_in &lt;= VOID
firrtl.passes.CheckInitialization$RefNotInitializedException:  @[top.scala 28:19] : [module Top]  Reference ID is not fully initialized.
   : ID.io.memToReg_in &lt;= VOID
firrtl.passes.CheckInitialization$RefNotInitializedException:  @[top.scala 29:19] : [module Top]  Reference EX is not fully initialized.
   : EX.io.offSet_in &lt;= VOID
firrtl.passes.CheckInitialization$RefNotInitializedException:  @[top.scala 30:22] : [module Top]  Reference Mem_wb is not fully initialized.
   : Mem_wb.io.offSet_in &lt;= VOID
firrtl.passes.CheckInitialization$RefNotInitializedException:  @[top.scala 30:22] : [module Top]  Reference Mem_wb is not fully initialized.
   : Mem_wb.io.rd_in &lt;= VOID
firrtl.passes.CheckInitialization$RefNotInitializedException:  @[top.scala 29:19] : [module Top]  Reference EX is not fully initialized.
   : EX.io.memToReg_in &lt;= VOID
firrtl.passes.CheckInitialization$RefNotInitializedException:  @[top.scala 20:20] : [module Top]  Reference alu is not fully initialized.
   : alu.io.alu_Op &lt;= VOID
firrtl.passes.CheckInitialization$RefNotInitializedException:  @[top.scala 28:19] : [module Top]  Reference ID is not fully initialized.
   : ID.io.aluCtrl_in &lt;= VOID
firrtl.passes.PassException: 42 errors detected!
</failure>
                    </testcase>
          <system-out><![CDATA[]]></system-out>
          <system-err><![CDATA[]]></system-err>
        </testsuite>