<?xml version='1.0' encoding='UTF-8'?>
<testsuite hostname="DESKTOP-E2JVOS6" name="datapath.Inst_fetch_test" tests="1" errors="0" failures="0" skipped="0" time="2.604" timestamp="2022-10-24T23:39:27">
          <properties>
      <property name="java.specification.version" value="17"/><property name="sun.cpu.isalist" value="amd64"/><property name="sun.jnu.encoding" value="Cp1252"/><property name="sun.arch.data.model" value="64"/><property name="java.vendor.url" value="https://java.oracle.com/"/><property name="sun.boot.library.path" value="C:\Program Files\Java\jdk-17.0.5\bin"/><property name="sun.java.command" value="xsbt.boot.Boot"/><property name="jdk.debug" value="release"/><property name="sun.stderr.encoding" value="cp437"/><property name="java.specification.vendor" value="Oracle Corporation"/><property name="java.version.date" value="2022-10-18"/><property name="java.home" value="C:\Program Files\Java\jdk-17.0.5"/><property name="file.separator" value="\"/><property name="java.vm.compressedOopsMode" value="32-bit"/><property name="line.separator" value="
"/><property name="sun.stdout.encoding" value="cp437"/><property name="java.vm.specification.vendor" value="Oracle Corporation"/><property name="java.specification.name" value="Java Platform API Specification"/><property name="user.script" value=""/><property name="sun.management.compiler" value="HotSpot 64-Bit Tiered Compilers"/><property name="java.runtime.version" value="17.0.5+9-LTS-191"/><property name="user.name" value="MMC"/><property name="log4j.ignoreTCL" value="true"/><property name="file.encoding" value="UTF-8"/><property name="jnidispatch.path" value="C:\Users\MMC\AppData\Local\Temp\jna-76451\jna17057502126911677028.dll"/><property name="jna.loaded" value="true"/><property name="java.io.tmpdir" value="C:\Users\MMC\AppData\Local\Temp\"/><property name="java.version" value="17.0.5"/><property name="java.vm.specification.name" value="Java Virtual Machine Specification"/><property name="sun.os.patch.level" value=""/><property name="native.encoding" value="Cp1252"/><property name="java.library.path" value="C:\Program Files\Java\jdk-17.0.5\bin;C:\WINDOWS\Sun\Java\bin;C:\WINDOWS\system32;C:\WINDOWS;C:\Program Files\Common Files\Oracle\Java\javapath;C:\Program Files (x86)\Common Files\Oracle\Java\javapath;C:\WINDOWS\system32;C:\WINDOWS;C:\WINDOWS\System32\Wbem;C:\WINDOWS\System32\WindowsPowerShell\v1.0\;C:\WINDOWS\System32\OpenSSH\;C:\Program Files\GitHub CLI\;D:\software\git\Git\cmd;C:\Users\MMC\AppData\Local\Programs\Python\Python39\Scripts\;C:\Program Files (x86)\sbt\bin;C:\Program Files\nodejs\;C:\Program Files\Git LFS;C:\Users\MMC\AppData\Local\Programs\Python\Python39\Scripts\;C:\Users\MMC\AppData\Local\Programs\Python\Python39\;C:\Program Files (x86)\Common Files\Oracle\Java\javapath;C:\WINDOWS\system32;C:\WINDOWS;C:\WINDOWS\System32\Wbem;C:\WINDOWS\System32\WindowsPowerShell\v1.0\;C:\WINDOWS\System32\OpenSSH\;C:\Program Files\GitHub CLI\;D:\software\git\Git\cmd;C:\Users\MMC\AppData\Local\Microsoft\WindowsApps;C:\Program Files\JetBrains\PyCharm Community Edition 2021.2.3\bin;C:\Users\MMC\AppData\Local\GitHubDesktop\bin;C:\Users\MMC\AppData\Local\Programs\Python\Python39\Scripts;D:\software\Microsoft VS Code\bin;C:\Users\MMC\AppData\Roaming\Microsoft\Windows\Start Menu\Programs\Python 3.9;C:\Users\MMC\AppData\Roaming\npm;C:\Program Files\heroku\bin;D:\software\GitHubDesktop\bin;."/><property name="java.vendor" value="Oracle Corporation"/><property name="scala.ext.dirs" value="C:\Users\MMC\.sbt\1.0\java9-rt-ext-oracle_corporation_17_0_5"/><property name="sun.io.unicode.encoding" value="UnicodeLittle"/><property name="java.class.path" value="C:\Program Files (x86)\sbt\\bin\sbt-launch.jar"/><property name="java.vm.vendor" value="Oracle Corporation"/><property name="user.variant" value=""/><property name="jline.shutdownhook" value="false"/><property name="user.timezone" value="Asia/Karachi"/><property name="java.vm.specification.version" value="17"/><property name="os.name" value="Windows 10"/><property name="sun.java.launcher" value="SUN_STANDARD"/><property name="user.country" value="US"/><property name="sun.cpu.endian" value="little"/><property name="user.home" value="C:\Users\MMC"/><property name="user.language" value="en"/><property name="sbt.ipcsocket.tmpdir" value="C:\Users\MMC\AppData\Local\Temp\.sbt\ipcsocket"/><property name="swoval.tmpdir" value="C:\Users\MMC\AppData\Local\Temp\.sbt\swoval"/><property name="jline.esc.timeout" value="0"/><property name="path.separator" value=";"/><property name="os.version" value="10.0"/><property name="jna.nosys" value="true"/><property name="java.runtime.name" value="Java(TM) SE Runtime Environment"/><property name="java.vm.name" value="Java HotSpot(TM) 64-Bit Server VM"/><property name="java.vendor.url.bug" value="https://bugreport.java.com/bugreport/"/><property name="user.dir" value="D:\5 stage pipline"/><property name="os.arch" value="amd64"/><property name="java.vm.info" value="mixed mode, sharing"/><property name="java.vm.version" value="17.0.5+9-LTS-191"/><property name="java.class.version" value="61.0"/>
    </properties>
          <testcase classname="datapath.Inst_fetch_test" name=" Test" time="2.604">
                      
                    </testcase>
          <system-out><![CDATA[]]></system-out>
          <system-err><![CDATA[]]></system-err>
        </testsuite>